<?xml version="1.0" ?>
<!DOCTYPE coverage SYSTEM "http://cobertura.sourceforge.net/xml/coverage-04.dtd">
<coverage lines-valid="1141" lines-covered="1063" line-rate="0.9316" branches-valid="418" branches-covered="399" branch-rate="0.9545" timestamp="1693524408263" complexity="0" version="0.1">
  <sources>
    <source>/Users/thierry/Desktop/Find-the-differences/server</source>
  </sources>
  <packages>
    <package name="classes.bmp" line-rate="1" branch-rate="1">
      <classes>
        <class name="bmp.spec.contants.ts" filename="app/classes/bmp/bmp.spec.contants.ts" line-rate="1" branch-rate="1">
          <methods>
          </methods>
          <lines>
            <line number="3" hits="1" branch="false"/>
            <line number="19" hits="1" branch="false"/>
            <line number="30" hits="1" branch="false"/>
            <line number="31" hits="1" branch="false"/>
          </lines>
        </class>
        <class name="bmp.ts" filename="app/classes/bmp/bmp.ts" line-rate="1" branch-rate="1">
          <methods>
            <method name="(anonymous_7)" hits="82" signature="()V">
              <lines>
                <line number="10" hits="82"/>
              </lines>
            </method>
            <method name="(anonymous_8)" hits="8" signature="()V">
              <lines>
                <line number="20" hits="8"/>
              </lines>
            </method>
            <method name="(anonymous_10)" hits="3" signature="()V">
              <lines>
                <line number="32" hits="3"/>
              </lines>
            </method>
            <method name="(anonymous_12)" hits="2264334" signature="()V">
              <lines>
                <line number="42" hits="2264334"/>
              </lines>
            </method>
            <method name="(anonymous_13)" hits="97312" signature="()V">
              <lines>
                <line number="46" hits="97312"/>
              </lines>
            </method>
            <method name="(anonymous_14)" hits="2783543" signature="()V">
              <lines>
                <line number="50" hits="2783543"/>
              </lines>
            </method>
            <method name="(anonymous_15)" hits="78" signature="()V">
              <lines>
                <line number="54" hits="78"/>
              </lines>
            </method>
            <method name="(anonymous_16)" hits="4010988" signature="()V">
              <lines>
                <line number="69" hits="4010988"/>
              </lines>
            </method>
            <method name="(anonymous_17)" hits="3" signature="()V">
              <lines>
                <line number="76" hits="3"/>
              </lines>
            </method>
            <method name="(anonymous_18)" hits="76" signature="()V">
              <lines>
                <line number="84" hits="76"/>
              </lines>
            </method>
            <method name="(anonymous_19)" hits="82" signature="()V">
              <lines>
                <line number="88" hits="82"/>
              </lines>
            </method>
            <method name="(anonymous_20)" hits="82" signature="()V">
              <lines>
                <line number="92" hits="82"/>
              </lines>
            </method>
          </methods>
          <lines>
            <line number="1" hits="1" branch="false"/>
            <line number="2" hits="1" branch="false"/>
            <line number="3" hits="1" branch="false"/>
            <line number="5" hits="1" branch="false"/>
            <line number="6" hits="1" branch="false"/>
            <line number="11" hits="82" branch="true" condition-coverage="100% (2/2)"/>
            <line number="12" hits="77" branch="true" condition-coverage="100% (2/2)"/>
            <line number="13" hits="2" branch="false"/>
            <line number="15" hits="75" branch="false"/>
            <line number="17" hits="77" branch="false"/>
            <line number="21" hits="8" branch="false"/>
            <line number="22" hits="8" branch="false"/>
            <line number="23" hits="8" branch="false"/>
            <line number="24" hits="32" branch="false"/>
            <line number="25" hits="32" branch="false"/>
            <line number="26" hits="32" branch="false"/>
            <line number="27" hits="32" branch="false"/>
            <line number="29" hits="8" branch="false"/>
            <line number="33" hits="3" branch="false"/>
            <line number="39" hits="3" branch="false"/>
            <line number="43" hits="2264334" branch="false"/>
            <line number="47" hits="97312" branch="false"/>
            <line number="51" hits="2783543" branch="false"/>
            <line number="55" hits="78" branch="false"/>
            <line number="56" hits="78" branch="false"/>
            <line number="57" hits="6782" branch="false"/>
            <line number="59" hits="6782" branch="false"/>
            <line number="60" hits="4010988" branch="false"/>
            <line number="61" hits="4010988" branch="false"/>
            <line number="62" hits="4010988" branch="false"/>
            <line number="64" hits="6782" branch="false"/>
            <line number="66" hits="78" branch="false"/>
            <line number="70" hits="4010988" branch="false"/>
            <line number="71" hits="4010988" branch="false"/>
            <line number="72" hits="4010988" branch="false"/>
            <line number="73" hits="4010988" branch="false"/>
            <line number="77" hits="3" branch="false"/>
            <line number="85" hits="76" branch="false"/>
            <line number="89" hits="82" branch="true" condition-coverage="100% (2/2)"/>
            <line number="93" hits="82" branch="true" condition-coverage="100% (2/2)"/>
            <line number="95" hits="79" branch="true" condition-coverage="100% (2/2)"/>
            <line number="96" hits="3" branch="false"/>
            <line number="98" hits="76" branch="false"/>
          </lines>
        </class>
      </classes>
    </package>
    <package name="classes.bmp-coordinate" line-rate="1" branch-rate="1">
      <classes>
        <class name="bmp-coordinate.ts" filename="app/classes/bmp-coordinate/bmp-coordinate.ts" line-rate="1" branch-rate="1">
          <methods>
            <method name="(anonymous_0)" hits="23" signature="()V">
              <lines>
                <line number="8" hits="23"/>
              </lines>
            </method>
            <method name="(anonymous_1)" hits="36" signature="()V">
              <lines>
                <line number="16" hits="36"/>
              </lines>
            </method>
            <method name="(anonymous_2)" hits="28" signature="()V">
              <lines>
                <line number="20" hits="28"/>
              </lines>
            </method>
            <method name="(anonymous_3)" hits="2" signature="()V">
              <lines>
                <line number="24" hits="2"/>
              </lines>
            </method>
            <method name="(anonymous_4)" hits="23" signature="()V">
              <lines>
                <line number="31" hits="23"/>
              </lines>
            </method>
            <method name="(anonymous_5)" hits="23" signature="()V">
              <lines>
                <line number="35" hits="23"/>
              </lines>
            </method>
            <method name="(anonymous_6)" hits="19" signature="()V">
              <lines>
                <line number="39" hits="19"/>
              </lines>
            </method>
          </methods>
          <lines>
            <line number="2" hits="1" branch="false"/>
            <line number="4" hits="1" branch="false"/>
            <line number="9" hits="23" branch="true" condition-coverage="100% (2/2)"/>
            <line number="10" hits="8" branch="false"/>
            <line number="12" hits="15" branch="false"/>
            <line number="13" hits="15" branch="false"/>
            <line number="17" hits="36" branch="false"/>
            <line number="21" hits="28" branch="false"/>
            <line number="25" hits="2" branch="false"/>
            <line number="32" hits="23" branch="true" condition-coverage="100% (2/2)"/>
            <line number="36" hits="23" branch="true" condition-coverage="100% (2/2)"/>
            <line number="40" hits="19" branch="true" condition-coverage="100% (2/2)"/>
          </lines>
        </class>
      </classes>
    </package>
    <package name="classes.end-game-state" line-rate="1" branch-rate="1">
      <classes>
        <class name="end-game-state.ts" filename="app/classes/end-game-state/end-game-state.ts" line-rate="1" branch-rate="1">
          <methods>
            <method name="(anonymous_0)" hits="2" signature="()V">
              <lines>
                <line number="6" hits="2"/>
              </lines>
            </method>
            <method name="(anonymous_1)" hits="13" signature="()V">
              <lines>
                <line number="10" hits="13"/>
              </lines>
            </method>
          </methods>
          <lines>
            <line number="1" hits="1" branch="false"/>
            <line number="2" hits="1" branch="false"/>
            <line number="4" hits="1" branch="false"/>
            <line number="7" hits="2" branch="false"/>
            <line number="11" hits="13" branch="false"/>
          </lines>
        </class>
      </classes>
    </package>
    <package name="classes.find-difference-state" line-rate="1" branch-rate="1">
      <classes>
        <class name="find-difference-state.ts" filename="app/classes/find-difference-state/find-difference-state.ts" line-rate="1" branch-rate="1">
          <methods>
            <method name="(anonymous_0)" hits="2" signature="()V">
              <lines>
                <line number="7" hits="2"/>
              </lines>
            </method>
            <method name="(anonymous_1)" hits="8" signature="()V">
              <lines>
                <line number="11" hits="8"/>
              </lines>
            </method>
          </methods>
          <lines>
            <line number="1" hits="1" branch="false"/>
            <line number="2" hits="1" branch="false"/>
            <line number="3" hits="1" branch="false"/>
            <line number="5" hits="1" branch="false"/>
            <line number="8" hits="2" branch="false"/>
            <line number="12" hits="8" branch="false"/>
          </lines>
        </class>
      </classes>
    </package>
    <package name="classes.game" line-rate="1" branch-rate="1">
      <classes>
        <class name="game.ts" filename="app/classes/game/game.ts" line-rate="1" branch-rate="1">
          <methods>
            <method name="(anonymous_0)" hits="68" signature="()V">
              <lines>
                <line number="22" hits="68"/>
              </lines>
            </method>
            <method name="(anonymous_1)" hits="79" signature="()V">
              <lines>
                <line number="33" hits="79"/>
              </lines>
            </method>
            <method name="(anonymous_2)" hits="8" signature="()V">
              <lines>
                <line number="37" hits="8"/>
              </lines>
            </method>
            <method name="(anonymous_3)" hits="8" signature="()V">
              <lines>
                <line number="41" hits="8"/>
              </lines>
            </method>
            <method name="(anonymous_4)" hits="17" signature="()V">
              <lines>
                <line number="45" hits="17"/>
              </lines>
            </method>
            <method name="(anonymous_5)" hits="9" signature="()V">
              <lines>
                <line number="49" hits="9"/>
              </lines>
            </method>
            <method name="(anonymous_6)" hits="3" signature="()V">
              <lines>
                <line number="53" hits="3"/>
              </lines>
            </method>
            <method name="(anonymous_7)" hits="1" signature="()V">
              <lines>
                <line number="57" hits="1"/>
              </lines>
            </method>
            <method name="(anonymous_8)" hits="1" signature="()V">
              <lines>
                <line number="61" hits="1"/>
              </lines>
            </method>
            <method name="(anonymous_9)" hits="4" signature="()V">
              <lines>
                <line number="65" hits="4"/>
              </lines>
            </method>
            <method name="(anonymous_10)" hits="1" signature="()V">
              <lines>
                <line number="69" hits="1"/>
              </lines>
            </method>
            <method name="(anonymous_11)" hits="1" signature="()V">
              <lines>
                <line number="73" hits="1"/>
              </lines>
            </method>
            <method name="(anonymous_12)" hits="3" signature="()V">
              <lines>
                <line number="77" hits="3"/>
              </lines>
            </method>
            <method name="(anonymous_13)" hits="3" signature="()V">
              <lines>
                <line number="81" hits="3"/>
              </lines>
            </method>
            <method name="(anonymous_14)" hits="72" signature="()V">
              <lines>
                <line number="85" hits="72"/>
              </lines>
            </method>
            <method name="(anonymous_15)" hits="4" signature="()V">
              <lines>
                <line number="89" hits="4"/>
              </lines>
            </method>
            <method name="(anonymous_16)" hits="72" signature="()V">
              <lines>
                <line number="93" hits="72"/>
              </lines>
            </method>
            <method name="(anonymous_17)" hits="8" signature="()V">
              <lines>
                <line number="100" hits="8"/>
              </lines>
            </method>
            <method name="(anonymous_18)" hits="4" signature="()V">
              <lines>
                <line number="104" hits="4"/>
              </lines>
            </method>
            <method name="(anonymous_19)" hits="3" signature="()V">
              <lines>
                <line number="113" hits="3"/>
              </lines>
            </method>
          </methods>
          <lines>
            <line number="1" hits="1" branch="false"/>
            <line number="2" hits="1" branch="false"/>
            <line number="3" hits="1" branch="false"/>
            <line number="4" hits="1" branch="false"/>
            <line number="6" hits="1" branch="false"/>
            <line number="8" hits="1" branch="false"/>
            <line number="10" hits="1" branch="false"/>
            <line number="13" hits="68" branch="false"/>
            <line number="14" hits="68" branch="false"/>
            <line number="15" hits="68" branch="false"/>
            <line number="23" hits="68" branch="false"/>
            <line number="24" hits="68" branch="false"/>
            <line number="25" hits="68" branch="false"/>
            <line number="26" hits="68" branch="false"/>
            <line number="27" hits="68" branch="false"/>
            <line number="28" hits="68" branch="false"/>
            <line number="29" hits="68" branch="false"/>
            <line number="30" hits="68" branch="false"/>
            <line number="34" hits="79" branch="false"/>
            <line number="38" hits="8" branch="false"/>
            <line number="42" hits="8" branch="false"/>
            <line number="46" hits="17" branch="false"/>
            <line number="50" hits="9" branch="false"/>
            <line number="54" hits="3" branch="false"/>
            <line number="58" hits="1" branch="false"/>
            <line number="62" hits="1" branch="false"/>
            <line number="66" hits="4" branch="false"/>
            <line number="70" hits="1" branch="false"/>
            <line number="74" hits="1" branch="false"/>
            <line number="78" hits="3" branch="true" condition-coverage="100% (2/2)"/>
            <line number="82" hits="3" branch="false"/>
            <line number="86" hits="72" branch="true" condition-coverage="100% (4/4)"/>
            <line number="90" hits="4" branch="false"/>
            <line number="94" hits="72" branch="true" condition-coverage="100% (2/2)"/>
            <line number="95" hits="3" branch="false"/>
            <line number="97" hits="69" branch="false"/>
            <line number="101" hits="8" branch="false"/>
            <line number="105" hits="4" branch="false"/>
            <line number="106" hits="4" branch="true" condition-coverage="100% (2/2)"/>
            <line number="107" hits="3" branch="false"/>
            <line number="109" hits="1" branch="false"/>
            <line number="110" hits="1" branch="false"/>
            <line number="114" hits="3" branch="false"/>
          </lines>
        </class>
      </classes>
    </package>
    <package name="classes.game-context" line-rate="1" branch-rate="1">
      <classes>
        <class name="game-context.ts" filename="app/classes/game-context/game-context.ts" line-rate="1" branch-rate="1">
          <methods>
            <method name="(anonymous_0)" hits="83" signature="()V">
              <lines>
                <line number="10" hits="83"/>
              </lines>
            </method>
            <method name="(anonymous_1)" hits="2" signature="()V">
              <lines>
                <line number="17" hits="2"/>
              </lines>
            </method>
            <method name="(anonymous_2)" hits="72" signature="()V">
              <lines>
                <line number="21" hits="72"/>
              </lines>
            </method>
            <method name="(anonymous_3)" hits="3" signature="()V">
              <lines>
                <line number="25" hits="3"/>
              </lines>
            </method>
            <method name="(anonymous_4)" hits="82" signature="()V">
              <lines>
                <line number="29" hits="82"/>
              </lines>
            </method>
            <method name="(anonymous_5)" hits="14" signature="()V">
              <lines>
                <line number="34" hits="14"/>
              </lines>
            </method>
          </methods>
          <lines>
            <line number="5" hits="1" branch="false"/>
            <line number="11" hits="83" branch="false"/>
            <line number="12" hits="83" branch="false"/>
            <line number="13" hits="83" branch="false"/>
            <line number="14" hits="83" branch="false"/>
            <line number="18" hits="2" branch="false"/>
            <line number="22" hits="72" branch="false"/>
            <line number="26" hits="3" branch="false"/>
            <line number="30" hits="82" branch="false"/>
            <line number="31" hits="82" branch="false"/>
            <line number="35" hits="14" branch="false"/>
          </lines>
        </class>
      </classes>
    </package>
    <package name="classes.game-state" line-rate="1" branch-rate="1">
      <classes>
        <class name="game-state.ts" filename="app/classes/game-state/game-state.ts" line-rate="1" branch-rate="1">
          <methods>
            <method name="(anonymous_0)" hits="180" signature="()V">
              <lines>
                <line number="8" hits="180"/>
              </lines>
            </method>
            <method name="(anonymous_1)" hits="4" signature="()V">
              <lines>
                <line number="12" hits="4"/>
              </lines>
            </method>
          </methods>
          <lines>
            <line number="1" hits="1" branch="false"/>
            <line number="5" hits="1" branch="false"/>
            <line number="9" hits="180" branch="false"/>
            <line number="13" hits="4" branch="false"/>
          </lines>
        </class>
      </classes>
    </package>
    <package name="classes.http" line-rate="1" branch-rate="1">
      <classes>
        <class name="http.exception.ts" filename="app/classes/http/http.exception.ts" line-rate="1" branch-rate="1">
          <methods>
            <method name="(anonymous_0)" hits="1" signature="()V">
              <lines>
                <line number="4" hits="1"/>
              </lines>
            </method>
          </methods>
          <lines>
            <line number="1" hits="1" branch="false"/>
            <line number="3" hits="1" branch="false"/>
            <line number="4" hits="1" branch="true" condition-coverage="100% (1/1)"/>
            <line number="5" hits="1" branch="false"/>
            <line number="6" hits="1" branch="false"/>
          </lines>
        </class>
      </classes>
    </package>
    <package name="classes.init-game-state" line-rate="1" branch-rate="1">
      <classes>
        <class name="init-game-state.ts" filename="app/classes/init-game-state/init-game-state.ts" line-rate="1" branch-rate="1">
          <methods>
            <method name="(anonymous_0)" hits="69" signature="()V">
              <lines>
                <line number="7" hits="69"/>
              </lines>
            </method>
            <method name="(anonymous_1)" hits="3" signature="()V">
              <lines>
                <line number="11" hits="3"/>
              </lines>
            </method>
          </methods>
          <lines>
            <line number="1" hits="1" branch="false"/>
            <line number="2" hits="1" branch="false"/>
            <line number="3" hits="1" branch="false"/>
            <line number="5" hits="1" branch="false"/>
            <line number="8" hits="69" branch="false"/>
            <line number="12" hits="3" branch="false"/>
          </lines>
        </class>
      </classes>
    </package>
    <package name="classes.init-timer-state" line-rate="1" branch-rate="1">
      <classes>
        <class name="init-timer-state.ts" filename="app/classes/init-timer-state/init-timer-state.ts" line-rate="1" branch-rate="1">
          <methods>
            <method name="(anonymous_0)" hits="5" signature="()V">
              <lines>
                <line number="6" hits="5"/>
              </lines>
            </method>
            <method name="(anonymous_1)" hits="6" signature="()V">
              <lines>
                <line number="10" hits="6"/>
              </lines>
            </method>
          </methods>
          <lines>
            <line number="1" hits="1" branch="false"/>
            <line number="2" hits="1" branch="false"/>
            <line number="3" hits="1" branch="false"/>
            <line number="5" hits="1" branch="false"/>
            <line number="7" hits="5" branch="false"/>
            <line number="11" hits="6" branch="false"/>
          </lines>
        </class>
      </classes>
    </package>
    <package name="classes.pixel" line-rate="0.7575" branch-rate="1">
      <classes>
        <class name="pixel.ts" filename="app/classes/pixel/pixel.ts" line-rate="0.7575" branch-rate="1">
          <methods>
            <method name="(anonymous_0)" hits="4011024" signature="()V">
              <lines>
                <line number="11" hits="4011024"/>
              </lines>
            </method>
            <method name="(anonymous_1)" hits="0" signature="()V">
              <lines>
                <line number="18" hits="0"/>
              </lines>
            </method>
            <method name="(anonymous_2)" hits="0" signature="()V">
              <lines>
                <line number="20" hits="0"/>
              </lines>
            </method>
            <method name="(anonymous_3)" hits="0" signature="()V">
              <lines>
                <line number="21" hits="0"/>
              </lines>
            </method>
            <method name="(anonymous_4)" hits="4" signature="()V">
              <lines>
                <line number="31" hits="4"/>
              </lines>
            </method>
            <method name="(anonymous_5)" hits="8" signature="()V">
              <lines>
                <line number="33" hits="8"/>
              </lines>
            </method>
            <method name="(anonymous_6)" hits="16" signature="()V">
              <lines>
                <line number="34" hits="16"/>
              </lines>
            </method>
            <method name="(anonymous_7)" hits="927842" signature="()V">
              <lines>
                <line number="44" hits="927842"/>
              </lines>
            </method>
            <method name="(anonymous_8)" hits="93506" signature="()V">
              <lines>
                <line number="48" hits="93506"/>
              </lines>
            </method>
            <method name="(anonymous_9)" hits="1862209" signature="()V">
              <lines>
                <line number="52" hits="1862209"/>
              </lines>
            </method>
            <method name="(anonymous_10)" hits="223635" signature="()V">
              <lines>
                <line number="56" hits="223635"/>
              </lines>
            </method>
            <method name="(anonymous_11)" hits="892772" signature="()V">
              <lines>
                <line number="60" hits="892772"/>
              </lines>
            </method>
            <method name="(anonymous_12)" hits="1955715" signature="()V">
              <lines>
                <line number="64" hits="1955715"/>
              </lines>
            </method>
            <method name="(anonymous_13)" hits="1116407" signature="()V">
              <lines>
                <line number="68" hits="1116407"/>
              </lines>
            </method>
          </methods>
          <lines>
            <line number="1" hits="1" branch="false"/>
            <line number="2" hits="1" branch="false"/>
            <line number="4" hits="1" branch="false"/>
            <line number="9" hits="4011024" branch="false"/>
            <line number="12" hits="4011024" branch="false"/>
            <line number="13" hits="4011024" branch="false"/>
            <line number="14" hits="4011024" branch="false"/>
            <line number="15" hits="4011024" branch="false"/>
            <line number="19" hits="0" branch="false"/>
            <line number="20" hits="0" branch="false"/>
            <line number="21" hits="0" branch="false"/>
            <line number="22" hits="0" branch="false"/>
            <line number="23" hits="0" branch="false"/>
            <line number="24" hits="0" branch="false"/>
            <line number="25" hits="0" branch="false"/>
            <line number="28" hits="0" branch="false"/>
            <line number="32" hits="4" branch="false"/>
            <line number="33" hits="4" branch="false"/>
            <line number="34" hits="8" branch="false"/>
            <line number="35" hits="16" branch="false"/>
            <line number="36" hits="16" branch="false"/>
            <line number="37" hits="16" branch="false"/>
            <line number="38" hits="16" branch="false"/>
            <line number="41" hits="4" branch="false"/>
            <line number="45" hits="927842" branch="true" condition-coverage="100% (4/4)"/>
            <line number="49" hits="93506" branch="false"/>
            <line number="53" hits="1862209" branch="false"/>
            <line number="57" hits="223635" branch="false"/>
            <line number="61" hits="892772" branch="false"/>
            <line number="65" hits="1955715" branch="true" condition-coverage="100% (3/3)"/>
            <line number="69" hits="1116407" branch="false"/>
            <line number="70" hits="1116407" branch="false"/>
            <line number="71" hits="1116407" branch="false"/>
          </lines>
        </class>
      </classes>
    </package>
    <package name="classes.queue" line-rate="1" branch-rate="1">
      <classes>
        <class name="queue.ts" filename="app/classes/queue/queue.ts" line-rate="1" branch-rate="1">
          <methods>
            <method name="(anonymous_0)" hits="19" signature="()V">
              <lines>
                <line number="3" hits="19"/>
              </lines>
            </method>
            <method name="(anonymous_1)" hits="512809" signature="()V">
              <lines>
                <line number="6" hits="512809"/>
              </lines>
            </method>
            <method name="(anonymous_2)" hits="512804" signature="()V">
              <lines>
                <line number="10" hits="512804"/>
              </lines>
            </method>
            <method name="(anonymous_3)" hits="512805" signature="()V">
              <lines>
                <line number="16" hits="512805"/>
              </lines>
            </method>
            <method name="(anonymous_4)" hits="1538424" signature="()V">
              <lines>
                <line number="21" hits="1538424"/>
              </lines>
            </method>
          </methods>
          <lines>
            <line number="3" hits="1" branch="false"/>
            <line number="4" hits="19" branch="false"/>
            <line number="7" hits="512809" branch="false"/>
            <line number="11" hits="512804" branch="true" condition-coverage="100% (2/2)"/>
            <line number="13" hits="512803" branch="false"/>
            <line number="17" hits="512805" branch="true" condition-coverage="100% (2/2)"/>
            <line number="18" hits="512804" branch="false"/>
            <line number="22" hits="1538424" branch="false"/>
          </lines>
        </class>
      </classes>
    </package>
    <package name="constants" line-rate="1" branch-rate="1">
      <classes>
        <class name="database.ts" filename="app/constants/database.ts" line-rate="1" branch-rate="1">
          <methods>
          </methods>
          <lines>
            <line number="1" hits="1" branch="false"/>
            <line number="2" hits="1" branch="false"/>
            <line number="4" hits="1" branch="false"/>
            <line number="5" hits="1" branch="false"/>
            <line number="7" hits="1" branch="false"/>
            <line number="9" hits="1" branch="false"/>
            <line number="10" hits="1" branch="false"/>
            <line number="12" hits="1" branch="false"/>
            <line number="13" hits="1" branch="false"/>
          </lines>
        </class>
        <class name="encoding.ts" filename="app/constants/encoding.ts" line-rate="1" branch-rate="1">
          <methods>
          </methods>
          <lines>
            <line number="1" hits="1" branch="false"/>
            <line number="2" hits="1" branch="false"/>
            <line number="3" hits="1" branch="false"/>
          </lines>
        </class>
        <class name="game.ts" filename="app/constants/game.ts" line-rate="1" branch-rate="1">
          <methods>
            <method name="(anonymous_0)" hits="1" signature="()V">
              <lines>
                <line number="1" hits="1"/>
              </lines>
            </method>
          </methods>
          <lines>
            <line number="1" hits="1" branch="true" condition-coverage="100% (2/2)"/>
            <line number="2" hits="1" branch="false"/>
            <line number="3" hits="1" branch="false"/>
          </lines>
        </class>
        <class name="pixel-color.ts" filename="app/constants/pixel-color.ts" line-rate="1" branch-rate="1">
          <methods>
          </methods>
          <lines>
            <line number="1" hits="1" branch="false"/>
            <line number="3" hits="1" branch="false"/>
          </lines>
        </class>
        <class name="pixel-offset.ts" filename="app/constants/pixel-offset.ts" line-rate="1" branch-rate="1">
          <methods>
          </methods>
          <lines>
            <line number="1" hits="1" branch="false"/>
          </lines>
        </class>
      </classes>
    </package>
    <package name="controllers.bmp-controller" line-rate="1" branch-rate="1">
      <classes>
        <class name="bmp.controller.ts" filename="app/controllers/bmp-controller/bmp.controller.ts" line-rate="1" branch-rate="1">
          <methods>
            <method name="(anonymous_9)" hits="1" signature="()V">
              <lines>
                <line number="11" hits="1"/>
              </lines>
            </method>
            <method name="(anonymous_10)" hits="1" signature="()V">
              <lines>
                <line number="15" hits="1"/>
              </lines>
            </method>
            <method name="(anonymous_11)" hits="2" signature="()V">
              <lines>
                <line number="18" hits="2"/>
              </lines>
            </method>
            <method name="(anonymous_12)" hits="2" signature="()V">
              <lines>
                <line number="18" hits="2"/>
              </lines>
            </method>
          </methods>
          <lines>
            <line number="1" hits="1" branch="false"/>
            <line number="2" hits="1" branch="false"/>
            <line number="3" hits="1" branch="false"/>
            <line number="4" hits="1" branch="false"/>
            <line number="5" hits="1" branch="false"/>
            <line number="8" hits="1" branch="false"/>
            <line number="11" hits="1" branch="false"/>
            <line number="12" hits="1" branch="false"/>
            <line number="16" hits="1" branch="false"/>
            <line number="18" hits="2" branch="false"/>
            <line number="19" hits="2" branch="false"/>
            <line number="20" hits="2" branch="false"/>
            <line number="21" hits="1" branch="false"/>
            <line number="25" hits="1" branch="false"/>
          </lines>
        </class>
      </classes>
    </package>
    <package name="controllers.game-controller" line-rate="0.9895" branch-rate="0.9309999999999999">
      <classes>
        <class name="game.controller.ts" filename="app/controllers/game-controller/game.controller.ts" line-rate="0.9895" branch-rate="0.9309999999999999">
          <methods>
            <method name="(anonymous_9)" hits="1" signature="()V">
              <lines>
                <line number="18" hits="1"/>
              </lines>
            </method>
            <method name="(anonymous_10)" hits="1" signature="()V">
              <lines>
                <line number="27" hits="1"/>
              </lines>
            </method>
            <method name="(anonymous_11)" hits="3" signature="()V">
              <lines>
                <line number="30" hits="3"/>
              </lines>
            </method>
            <method name="(anonymous_12)" hits="2" signature="()V">
              <lines>
                <line number="34" hits="2"/>
              </lines>
            </method>
            <method name="(anonymous_13)" hits="1" signature="()V">
              <lines>
                <line number="41" hits="1"/>
              </lines>
            </method>
            <method name="(anonymous_14)" hits="3" signature="()V">
              <lines>
                <line number="46" hits="3"/>
              </lines>
            </method>
            <method name="(anonymous_15)" hits="2" signature="()V">
              <lines>
                <line number="49" hits="2"/>
              </lines>
            </method>
            <method name="(anonymous_16)" hits="1" signature="()V">
              <lines>
                <line number="56" hits="1"/>
              </lines>
            </method>
            <method name="(anonymous_17)" hits="4" signature="()V">
              <lines>
                <line number="61" hits="4"/>
              </lines>
            </method>
            <method name="(anonymous_18)" hits="3" signature="()V">
              <lines>
                <line number="64" hits="3"/>
              </lines>
            </method>
            <method name="(anonymous_19)" hits="1" signature="()V">
              <lines>
                <line number="73" hits="1"/>
              </lines>
            </method>
            <method name="(anonymous_20)" hits="3" signature="()V">
              <lines>
                <line number="78" hits="3"/>
              </lines>
            </method>
            <method name="(anonymous_21)" hits="2" signature="()V">
              <lines>
                <line number="81" hits="2"/>
              </lines>
            </method>
            <method name="(anonymous_22)" hits="1" signature="()V">
              <lines>
                <line number="89" hits="1"/>
              </lines>
            </method>
            <method name="(anonymous_23)" hits="4" signature="()V">
              <lines>
                <line number="94" hits="4"/>
              </lines>
            </method>
            <method name="(anonymous_24)" hits="2" signature="()V">
              <lines>
                <line number="101" hits="2"/>
              </lines>
            </method>
            <method name="(anonymous_25)" hits="1" signature="()V">
              <lines>
                <line number="118" hits="1"/>
              </lines>
            </method>
            <method name="(anonymous_26)" hits="2" signature="()V">
              <lines>
                <line number="133" hits="2"/>
              </lines>
            </method>
            <method name="(anonymous_27)" hits="5" signature="()V">
              <lines>
                <line number="141" hits="5"/>
              </lines>
            </method>
            <method name="(anonymous_28)" hits="5" signature="()V">
              <lines>
                <line number="141" hits="5"/>
              </lines>
            </method>
            <method name="(anonymous_29)" hits="4" signature="()V">
              <lines>
                <line number="168" hits="4"/>
              </lines>
            </method>
            <method name="(anonymous_30)" hits="4" signature="()V">
              <lines>
                <line number="168" hits="4"/>
              </lines>
            </method>
            <method name="(anonymous_31)" hits="2" signature="()V">
              <lines>
                <line number="183" hits="2"/>
              </lines>
            </method>
            <method name="(anonymous_32)" hits="1" signature="()V">
              <lines>
                <line number="191" hits="1"/>
              </lines>
            </method>
            <method name="(anonymous_33)" hits="2" signature="()V">
              <lines>
                <line number="196" hits="2"/>
              </lines>
            </method>
            <method name="(anonymous_34)" hits="1" signature="()V">
              <lines>
                <line number="199" hits="1"/>
              </lines>
            </method>
            <method name="(anonymous_35)" hits="1" signature="()V">
              <lines>
                <line number="202" hits="1"/>
              </lines>
            </method>
            <method name="(anonymous_36)" hits="2" signature="()V">
              <lines>
                <line number="207" hits="2"/>
              </lines>
            </method>
            <method name="(anonymous_37)" hits="1" signature="()V">
              <lines>
                <line number="210" hits="1"/>
              </lines>
            </method>
            <method name="(anonymous_38)" hits="1" signature="()V">
              <lines>
                <line number="213" hits="1"/>
              </lines>
            </method>
          </methods>
          <lines>
            <line number="1" hits="1" branch="false"/>
            <line number="3" hits="1" branch="false"/>
            <line number="4" hits="1" branch="false"/>
            <line number="5" hits="1" branch="false"/>
            <line number="6" hits="1" branch="false"/>
            <line number="7" hits="1" branch="false"/>
            <line number="8" hits="1" branch="false"/>
            <line number="9" hits="1" branch="false"/>
            <line number="10" hits="1" branch="false"/>
            <line number="11" hits="1" branch="false"/>
            <line number="14" hits="1" branch="false"/>
            <line number="19" hits="1" branch="false"/>
            <line number="20" hits="1" branch="false"/>
            <line number="21" hits="1" branch="false"/>
            <line number="22" hits="1" branch="false"/>
            <line number="24" hits="1" branch="false"/>
            <line number="28" hits="1" branch="false"/>
            <line number="30" hits="1" branch="false"/>
            <line number="31" hits="3" branch="false"/>
            <line number="32" hits="3" branch="false"/>
            <line number="35" hits="2" branch="true" condition-coverage="100% (2/2)"/>
            <line number="36" hits="1" branch="false"/>
            <line number="37" hits="1" branch="false"/>
            <line number="39" hits="1" branch="false"/>
            <line number="42" hits="1" branch="false"/>
            <line number="46" hits="1" branch="false"/>
            <line number="47" hits="3" branch="false"/>
            <line number="50" hits="2" branch="true" condition-coverage="100% (2/2)"/>
            <line number="51" hits="1" branch="false"/>
            <line number="52" hits="1" branch="false"/>
            <line number="54" hits="1" branch="false"/>
            <line number="57" hits="1" branch="false"/>
            <line number="61" hits="1" branch="false"/>
            <line number="62" hits="4" branch="false"/>
            <line number="63" hits="4" branch="false"/>
            <line number="65" hits="3" branch="true" condition-coverage="100% (2/2)"/>
            <line number="66" hits="1" branch="false"/>
            <line number="67" hits="1" branch="false"/>
            <line number="69" hits="2" branch="true" condition-coverage="100% (2/2)"/>
            <line number="70" hits="2" branch="false"/>
            <line number="71" hits="2" branch="false"/>
            <line number="74" hits="1" branch="false"/>
            <line number="78" hits="1" branch="false"/>
            <line number="79" hits="3" branch="false"/>
            <line number="82" hits="2" branch="true" condition-coverage="100% (2/2)"/>
            <line number="83" hits="1" branch="false"/>
            <line number="84" hits="1" branch="false"/>
            <line number="86" hits="1" branch="false"/>
            <line number="87" hits="1" branch="false"/>
            <line number="90" hits="1" branch="false"/>
            <line number="94" hits="1" branch="false"/>
            <line number="95" hits="4" branch="false"/>
            <line number="96" hits="4" branch="true" condition-coverage="100% (2/2)"/>
            <line number="97" hits="3" branch="false"/>
            <line number="98" hits="3" branch="false"/>
            <line number="112" hits="2" branch="true" condition-coverage="100% (2/2)"/>
            <line number="113" hits="1" branch="false"/>
            <line number="114" hits="1" branch="false"/>
            <line number="116" hits="1" branch="false"/>
            <line number="119" hits="1" branch="false"/>
            <line number="134" hits="2" branch="false"/>
            <line number="137" hits="1" branch="false"/>
            <line number="141" hits="5" branch="false"/>
            <line number="142" hits="5" branch="true" condition-coverage="100% (5/5)"/>
            <line number="143" hits="1" branch="false"/>
            <line number="144" hits="1" branch="false"/>
            <line number="146" hits="4" branch="false"/>
            <line number="147" hits="4" branch="false"/>
            <line number="148" hits="4" branch="false"/>
            <line number="150" hits="4" branch="false"/>
            <line number="151" hits="4" branch="false"/>
            <line number="152" hits="3" branch="false"/>
            <line number="155" hits="2" branch="false"/>
            <line number="157" hits="0" branch="true" condition-coverage="0% (0/2)"/>
            <line number="164" hits="4" branch="false"/>
            <line number="168" hits="4" branch="false"/>
            <line number="169" hits="4" branch="true" condition-coverage="100% (6/6)"/>
            <line number="170" hits="1" branch="false"/>
            <line number="171" hits="1" branch="false"/>
            <line number="173" hits="3" branch="false"/>
            <line number="177" hits="3" branch="false"/>
            <line number="181" hits="3" branch="false"/>
            <line number="184" hits="2" branch="true" condition-coverage="100% (2/2)"/>
            <line number="185" hits="1" branch="false"/>
            <line number="186" hits="1" branch="false"/>
            <line number="188" hits="1" branch="false"/>
            <line number="189" hits="1" branch="false"/>
            <line number="192" hits="1" branch="false"/>
            <line number="196" hits="1" branch="false"/>
            <line number="197" hits="2" branch="false"/>
            <line number="200" hits="1" branch="false"/>
            <line number="203" hits="1" branch="false"/>
            <line number="207" hits="1" branch="false"/>
            <line number="208" hits="2" branch="false"/>
            <line number="211" hits="1" branch="false"/>
            <line number="214" hits="1" branch="false"/>
          </lines>
        </class>
      </classes>
    </package>
    <package name="enum" line-rate="1" branch-rate="1">
      <classes>
        <class name="game-status.ts" filename="app/enum/game-status.ts" line-rate="1" branch-rate="1">
          <methods>
            <method name="(anonymous_0)" hits="1" signature="()V">
              <lines>
                <line number="1" hits="1"/>
              </lines>
            </method>
          </methods>
          <lines>
            <line number="1" hits="1" branch="true" condition-coverage="100% (2/2)"/>
            <line number="2" hits="1" branch="false"/>
            <line number="3" hits="1" branch="false"/>
            <line number="4" hits="1" branch="false"/>
            <line number="5" hits="1" branch="false"/>
          </lines>
        </class>
      </classes>
    </package>
    <package name="services.bmp-decoder-service" line-rate="1" branch-rate="1">
      <classes>
        <class name="bmp-decoder-service.spec.contants.ts" filename="app/services/bmp-decoder-service/bmp-decoder-service.spec.contants.ts" line-rate="1" branch-rate="1">
          <methods>
          </methods>
          <lines>
            <line number="1" hits="1" branch="false"/>
            <line number="14" hits="1" branch="false"/>
            <line number="29" hits="1" branch="false"/>
          </lines>
        </class>
        <class name="bmp-decoder-service.ts" filename="app/services/bmp-decoder-service/bmp-decoder-service.ts" line-rate="1" branch-rate="1">
          <methods>
            <method name="(anonymous_8)" hits="54" signature="()V">
              <lines>
                <line number="8" hits="54"/>
              </lines>
            </method>
            <method name="(anonymous_10)" hits="54" signature="()V">
              <lines>
                <line number="21" hits="54"/>
              </lines>
            </method>
          </methods>
          <lines>
            <line number="1" hits="1" branch="false"/>
            <line number="2" hits="1" branch="false"/>
            <line number="3" hits="1" branch="false"/>
            <line number="4" hits="1" branch="false"/>
            <line number="7" hits="1" branch="false"/>
            <line number="9" hits="54" branch="true" condition-coverage="100% (2/2)"/>
            <line number="10" hits="53" branch="false"/>
            <line number="12" hits="50" branch="false"/>
            <line number="13" hits="50" branch="false"/>
            <line number="15" hits="1" branch="false"/>
            <line number="17" hits="49" branch="false"/>
            <line number="18" hits="49" branch="false"/>
            <line number="22" hits="54" branch="false"/>
          </lines>
        </class>
      </classes>
    </package>
    <package name="services.bmp-difference-interpreter-service" line-rate="0.6363" branch-rate="0.68">
      <classes>
        <class name="bmp-difference-interpreter.service.ts" filename="app/services/bmp-difference-interpreter-service/bmp-difference-interpreter.service.ts" line-rate="0.6363" branch-rate="0.68">
          <methods>
            <method name="(anonymous_8)" hits="5" signature="()V">
              <lines>
                <line number="10" hits="5"/>
              </lines>
            </method>
            <method name="(anonymous_10)" hits="0" signature="()V">
              <lines>
                <line number="25" hits="0"/>
              </lines>
            </method>
            <method name="(anonymous_11)" hits="0" signature="()V">
              <lines>
                <line number="40" hits="0"/>
              </lines>
            </method>
            <method name="(anonymous_12)" hits="11" signature="()V">
              <lines>
                <line number="62" hits="11"/>
              </lines>
            </method>
            <method name="(anonymous_13)" hits="512802" signature="()V">
              <lines>
                <line number="88" hits="512802"/>
              </lines>
            </method>
            <method name="(anonymous_14)" hits="4615218" signature="()V">
              <lines>
                <line number="101" hits="4615218"/>
              </lines>
            </method>
          </methods>
          <lines>
            <line number="4" hits="1" branch="false"/>
            <line number="6" hits="1" branch="false"/>
            <line number="7" hits="1" branch="false"/>
            <line number="9" hits="1" branch="false"/>
            <line number="11" hits="5" branch="false"/>
            <line number="12" hits="5" branch="false"/>
            <line number="14" hits="5" branch="false"/>
            <line number="15" hits="1922" branch="false"/>
            <line number="16" hits="1228804" branch="true" condition-coverage="100% (4/4)"/>
            <line number="17" hits="11" branch="false"/>
            <line number="18" hits="11" branch="false"/>
            <line number="22" hits="5" branch="false"/>
            <line number="26" hits="0" branch="false"/>
            <line number="27" hits="0" branch="false"/>
            <line number="29" hits="0" branch="false"/>
            <line number="30" hits="0" branch="false"/>
            <line number="31" hits="0" branch="true" condition-coverage="0% (0/4)"/>
            <line number="32" hits="0" branch="false"/>
            <line number="33" hits="0" branch="false"/>
            <line number="37" hits="0" branch="false"/>
            <line number="41" hits="0" branch="false"/>
            <line number="43" hits="0" branch="false"/>
            <line number="44" hits="0" branch="false"/>
            <line number="46" hits="0" branch="false"/>
            <line number="47" hits="0" branch="false"/>
            <line number="48" hits="0" branch="false"/>
            <line number="49" hits="0" branch="false"/>
            <line number="51" hits="0" branch="false"/>
            <line number="52" hits="0" branch="false"/>
            <line number="54" hits="0" branch="true" condition-coverage="0% (0/4)"/>
            <line number="55" hits="0" branch="false"/>
            <line number="56" hits="0" branch="false"/>
            <line number="63" hits="11" branch="false"/>
            <line number="65" hits="11" branch="false"/>
            <line number="66" hits="11" branch="false"/>
            <line number="68" hits="11" branch="false"/>
            <line number="70" hits="11" branch="false"/>
            <line number="71" hits="512802" branch="false"/>
            <line number="72" hits="512802" branch="false"/>
            <line number="73" hits="512802" branch="false"/>
            <line number="75" hits="512802" branch="false"/>
            <line number="76" hits="4096415" branch="false"/>
            <line number="78" hits="4096415" branch="true" condition-coverage="100% (4/4)"/>
            <line number="79" hits="512791" branch="false"/>
            <line number="80" hits="512791" branch="false"/>
            <line number="81" hits="512791" branch="false"/>
            <line number="85" hits="11" branch="false"/>
            <line number="89" hits="512802" branch="false"/>
            <line number="90" hits="512802" branch="false"/>
            <line number="91" hits="1538406" branch="false"/>
            <line number="92" hits="4615218" branch="false"/>
            <line number="93" hits="4615218" branch="true" condition-coverage="100% (5/5)"/>
            <line number="94" hits="4096415" branch="false"/>
            <line number="98" hits="512802" branch="false"/>
            <line number="102" hits="4615218" branch="true" condition-coverage="100% (4/4)"/>
          </lines>
        </class>
      </classes>
    </package>
    <package name="services.bmp-encoder-service" line-rate="1" branch-rate="1">
      <classes>
        <class name="bmp-encoder.service.ts" filename="app/services/bmp-encoder-service/bmp-encoder.service.ts" line-rate="1" branch-rate="1">
          <methods>
            <method name="(anonymous_8)" hits="3" signature="()V">
              <lines>
                <line number="6" hits="3"/>
              </lines>
            </method>
          </methods>
          <lines>
            <line number="1" hits="1" branch="false"/>
            <line number="2" hits="1" branch="false"/>
            <line number="5" hits="1" branch="false"/>
            <line number="7" hits="3" branch="false"/>
            <line number="8" hits="2" branch="false"/>
          </lines>
        </class>
      </classes>
    </package>
    <package name="services.bmp-service" line-rate="1" branch-rate="1">
      <classes>
        <class name="bmp.service.ts" filename="app/services/bmp-service/bmp.service.ts" line-rate="1" branch-rate="1">
          <methods>
            <method name="(anonymous_9)" hits="4" signature="()V">
              <lines>
                <line number="11" hits="4"/>
              </lines>
            </method>
            <method name="(anonymous_10)" hits="2" signature="()V">
              <lines>
                <line number="13" hits="2"/>
              </lines>
            </method>
            <method name="(anonymous_12)" hits="3" signature="()V">
              <lines>
                <line number="18" hits="3"/>
              </lines>
            </method>
            <method name="(anonymous_14)" hits="4" signature="()V">
              <lines>
                <line number="33" hits="4"/>
              </lines>
            </method>
            <method name="(anonymous_16)" hits="3" signature="()V">
              <lines>
                <line number="39" hits="3"/>
              </lines>
            </method>
          </methods>
          <lines>
            <line number="1" hits="1" branch="false"/>
            <line number="2" hits="1" branch="false"/>
            <line number="3" hits="1" branch="false"/>
            <line number="4" hits="1" branch="false"/>
            <line number="5" hits="1" branch="false"/>
            <line number="6" hits="1" branch="false"/>
            <line number="7" hits="1" branch="false"/>
            <line number="8" hits="1" branch="false"/>
            <line number="10" hits="1" branch="false"/>
            <line number="11" hits="4" branch="false"/>
            <line number="14" hits="2" branch="false"/>
            <line number="15" hits="2" branch="false"/>
            <line number="19" hits="3" branch="false"/>
            <line number="25" hits="2" branch="false"/>
            <line number="26" hits="2" branch="false"/>
            <line number="27" hits="2" branch="false"/>
            <line number="29" hits="2" branch="false"/>
            <line number="30" hits="2" branch="false"/>
            <line number="34" hits="4" branch="false"/>
            <line number="35" hits="2" branch="false"/>
            <line number="40" hits="3" branch="false"/>
            <line number="41" hits="3" branch="false"/>
            <line number="43" hits="3" branch="false"/>
            <line number="44" hits="480" branch="true" condition-coverage="100% (2/2)"/>
            <line number="45" hits="1" branch="false"/>
            <line number="49" hits="3" branch="false"/>
          </lines>
        </class>
      </classes>
    </package>
    <package name="services.bmp-subtractor-service" line-rate="1" branch-rate="1">
      <classes>
        <class name="bmp-subtractor.service.spec.constants.ts" filename="app/services/bmp-subtractor-service/bmp-subtractor.service.spec.constants.ts" line-rate="1" branch-rate="1">
          <methods>
          </methods>
          <lines>
            <line number="1" hits="1" branch="false"/>
          </lines>
        </class>
        <class name="bmp-subtractor.service.ts" filename="app/services/bmp-subtractor-service/bmp-subtractor.service.ts" line-rate="1" branch-rate="1">
          <methods>
            <method name="(anonymous_9)" hits="1" signature="()V">
              <lines>
                <line number="7" hits="1"/>
              </lines>
            </method>
            <method name="(anonymous_10)" hits="11" signature="()V">
              <lines>
                <line number="9" hits="11"/>
              </lines>
            </method>
            <method name="(anonymous_12)" hits="9" signature="()V">
              <lines>
                <line number="21" hits="9"/>
              </lines>
            </method>
            <method name="(anonymous_14)" hits="9" signature="()V">
              <lines>
                <line number="33" hits="9"/>
              </lines>
            </method>
            <method name="(anonymous_16)" hits="11" signature="()V">
              <lines>
                <line number="41" hits="11"/>
              </lines>
            </method>
          </methods>
          <lines>
            <line number="2" hits="1" branch="false"/>
            <line number="3" hits="1" branch="false"/>
            <line number="6" hits="1" branch="false"/>
            <line number="7" hits="1" branch="false"/>
            <line number="10" hits="11" branch="true" condition-coverage="100% (2/2)"/>
            <line number="11" hits="2" branch="false"/>
            <line number="14" hits="9" branch="false"/>
            <line number="17" hits="9" branch="false"/>
            <line number="18" hits="9" branch="false"/>
            <line number="22" hits="9" branch="false"/>
            <line number="23" hits="1596" branch="false"/>
            <line number="24" hits="927840" branch="true" condition-coverage="100% (2/2)"/>
            <line number="25" hits="892772" branch="false"/>
            <line number="27" hits="35068" branch="false"/>
            <line number="34" hits="9" branch="true" condition-coverage="100% (2/2)"/>
            <line number="35" hits="8" branch="true" condition-coverage="100% (2/2)"/>
            <line number="37" hits="5" branch="false"/>
            <line number="38" hits="5" branch="false"/>
            <line number="42" hits="11" branch="true" condition-coverage="100% (2/2)"/>
          </lines>
        </class>
      </classes>
    </package>
    <package name="services.clues-service" line-rate="1" branch-rate="1">
      <classes>
        <class name="clues.service.ts" filename="app/services/clues-service/clues.service.ts" line-rate="1" branch-rate="1">
          <methods>
            <method name="(anonymous_2)" hits="1" signature="()V">
              <lines>
                <line number="11" hits="1"/>
              </lines>
            </method>
            <method name="(anonymous_3)" hits="2" signature="()V">
              <lines>
                <line number="13" hits="2"/>
              </lines>
            </method>
            <method name="(anonymous_4)" hits="1" signature="()V">
              <lines>
                <line number="18" hits="1"/>
              </lines>
            </method>
            <method name="(anonymous_5)" hits="4" signature="()V">
              <lines>
                <line number="23" hits="4"/>
              </lines>
            </method>
            <method name="(anonymous_6)" hits="2" signature="()V">
              <lines>
                <line number="27" hits="2"/>
              </lines>
            </method>
            <method name="(anonymous_7)" hits="2" signature="()V">
              <lines>
                <line number="34" hits="2"/>
              </lines>
            </method>
            <method name="(anonymous_8)" hits="4" signature="()V">
              <lines>
                <line number="38" hits="4"/>
              </lines>
            </method>
          </methods>
          <lines>
            <line number="1" hits="1" branch="false"/>
            <line number="2" hits="1" branch="false"/>
            <line number="4" hits="1" branch="false"/>
            <line number="5" hits="1" branch="false"/>
            <line number="7" hits="1" branch="false"/>
            <line number="8" hits="1" branch="false"/>
            <line number="9" hits="1" branch="false"/>
            <line number="11" hits="1" branch="false"/>
            <line number="14" hits="2" branch="false"/>
            <line number="15" hits="2" branch="false"/>
            <line number="19" hits="1" branch="false"/>
            <line number="20" hits="1" branch="false"/>
            <line number="24" hits="4" branch="false"/>
            <line number="28" hits="2" branch="false"/>
            <line number="29" hits="2" branch="false"/>
            <line number="30" hits="2" branch="false"/>
            <line number="31" hits="2" branch="false"/>
            <line number="35" hits="2" branch="false"/>
            <line number="39" hits="4" branch="false"/>
          </lines>
        </class>
      </classes>
    </package>
    <package name="services.database-service" line-rate="1" branch-rate="1">
      <classes>
        <class name="database.service.ts" filename="app/services/database-service/database.service.ts" line-rate="1" branch-rate="1">
          <methods>
            <method name="(anonymous_8)" hits="3" signature="()V">
              <lines>
                <line number="10" hits="3"/>
              </lines>
            </method>
            <method name="(anonymous_9)" hits="5" signature="()V">
              <lines>
                <line number="14" hits="5"/>
              </lines>
            </method>
            <method name="(anonymous_11)" hits="3" signature="()V">
              <lines>
                <line number="28" hits="3"/>
              </lines>
            </method>
            <method name="(anonymous_13)" hits="3" signature="()V">
              <lines>
                <line number="32" hits="3"/>
              </lines>
            </method>
            <method name="(anonymous_15)" hits="3" signature="()V">
              <lines>
                <line number="38" hits="3"/>
              </lines>
            </method>
          </methods>
          <lines>
            <line number="1" hits="1" branch="false"/>
            <line number="2" hits="1" branch="false"/>
            <line number="3" hits="1" branch="false"/>
            <line number="6" hits="1" branch="false"/>
            <line number="11" hits="3" branch="false"/>
            <line number="15" hits="5" branch="true" condition-coverage="100% (2/2)"/>
            <line number="16" hits="4" branch="false"/>
            <line number="17" hits="4" branch="false"/>
            <line number="18" hits="3" branch="false"/>
            <line number="19" hits="3" branch="false"/>
            <line number="20" hits="3" branch="false"/>
            <line number="23" hits="1" branch="false"/>
            <line number="29" hits="3" branch="false"/>
            <line number="33" hits="3" branch="true" condition-coverage="100% (2/2)"/>
            <line number="34" hits="1" branch="false"/>
            <line number="39" hits="3" branch="false"/>
          </lines>
        </class>
      </classes>
    </package>
    <package name="services.difference-service" line-rate="1" branch-rate="1">
      <classes>
        <class name="difference.service.ts" filename="app/services/difference-service/difference.service.ts" line-rate="1" branch-rate="1">
          <methods>
            <method name="(anonymous_2)" hits="46" signature="()V">
              <lines>
                <line number="10" hits="46"/>
              </lines>
            </method>
            <method name="(anonymous_3)" hits="2" signature="()V">
              <lines>
                <line number="15" hits="2"/>
              </lines>
            </method>
            <method name="(anonymous_4)" hits="2" signature="()V">
              <lines>
                <line number="19" hits="2"/>
              </lines>
            </method>
            <method name="(anonymous_5)" hits="3" signature="()V">
              <lines>
                <line number="24" hits="3"/>
              </lines>
            </method>
            <method name="(anonymous_6)" hits="2" signature="()V">
              <lines>
                <line number="33" hits="2"/>
              </lines>
            </method>
            <method name="(anonymous_7)" hits="2" signature="()V">
              <lines>
                <line number="34" hits="2"/>
              </lines>
            </method>
            <method name="(anonymous_8)" hits="2" signature="()V">
              <lines>
                <line number="35" hits="2"/>
              </lines>
            </method>
            <method name="(anonymous_9)" hits="3" signature="()V">
              <lines>
                <line number="39" hits="3"/>
              </lines>
            </method>
            <method name="(anonymous_10)" hits="3" signature="()V">
              <lines>
                <line number="48" hits="3"/>
              </lines>
            </method>
            <method name="(anonymous_11)" hits="2" signature="()V">
              <lines>
                <line number="60" hits="2"/>
              </lines>
            </method>
            <method name="(anonymous_12)" hits="8" signature="()V">
              <lines>
                <line number="64" hits="8"/>
              </lines>
            </method>
            <method name="(anonymous_13)" hits="3" signature="()V">
              <lines>
                <line number="77" hits="3"/>
              </lines>
            </method>
            <method name="(anonymous_14)" hits="2" signature="()V">
              <lines>
                <line number="81" hits="2"/>
              </lines>
            </method>
            <method name="(anonymous_15)" hits="4" signature="()V">
              <lines>
                <line number="83" hits="4"/>
              </lines>
            </method>
            <method name="(anonymous_16)" hits="1" signature="()V">
              <lines>
                <line number="87" hits="1"/>
              </lines>
            </method>
          </methods>
          <lines>
            <line number="3" hits="1" branch="false"/>
            <line number="6" hits="1" branch="false"/>
            <line number="11" hits="46" branch="false"/>
            <line number="12" hits="46" branch="false"/>
            <line number="16" hits="2" branch="false"/>
            <line number="20" hits="2" branch="false"/>
            <line number="21" hits="2" branch="false"/>
            <line number="25" hits="3" branch="false"/>
            <line number="26" hits="3" branch="true" condition-coverage="100% (2/2)"/>
            <line number="27" hits="1" branch="false"/>
            <line number="29" hits="2" branch="false"/>
            <line number="30" hits="2" branch="false"/>
            <line number="34" hits="2" branch="false"/>
            <line number="35" hits="2" branch="true" condition-coverage="100% (2/2)"/>
            <line number="40" hits="3" branch="false"/>
            <line number="41" hits="3" branch="true" condition-coverage="100% (4/4)"/>
            <line number="42" hits="2" branch="false"/>
            <line number="44" hits="1" branch="false"/>
            <line number="45" hits="1" branch="false"/>
            <line number="49" hits="3" branch="false"/>
            <line number="50" hits="3" branch="true" condition-coverage="100% (4/4)"/>
            <line number="51" hits="1" branch="false"/>
            <line number="53" hits="2" branch="false"/>
            <line number="54" hits="2" branch="false"/>
            <line number="55" hits="2" branch="true" condition-coverage="100% (5/5)"/>
            <line number="56" hits="1" branch="false"/>
            <line number="61" hits="2" branch="false"/>
            <line number="65" hits="8" branch="false"/>
            <line number="68" hits="8" branch="true" condition-coverage="100% (5/5)"/>
            <line number="69" hits="4" branch="false"/>
            <line number="72" hits="4" branch="true" condition-coverage="100% (2/2)"/>
            <line number="78" hits="3" branch="true" condition-coverage="100% (2/2)"/>
            <line number="82" hits="2" branch="false"/>
            <line number="83" hits="4" branch="false"/>
            <line number="88" hits="1" branch="false"/>
          </lines>
        </class>
      </classes>
    </package>
    <package name="services.game-info-service" line-rate="1" branch-rate="1">
      <classes>
        <class name="game-info.service.ts" filename="app/services/game-info-service/game-info.service.ts" line-rate="1" branch-rate="1">
          <methods>
            <method name="(anonymous_9)" hits="62" signature="()V">
              <lines>
                <line number="24" hits="62"/>
              </lines>
            </method>
            <method name="(anonymous_10)" hits="53" signature="()V">
              <lines>
                <line number="32" hits="53"/>
              </lines>
            </method>
            <method name="(anonymous_11)" hits="2" signature="()V">
              <lines>
                <line number="36" hits="2"/>
              </lines>
            </method>
            <method name="(anonymous_13)" hits="7" signature="()V">
              <lines>
                <line number="61" hits="7"/>
              </lines>
            </method>
            <method name="(anonymous_15)" hits="13" signature="()V">
              <lines>
                <line number="69" hits="13"/>
              </lines>
            </method>
            <method name="(anonymous_17)" hits="2" signature="()V">
              <lines>
                <line number="77" hits="2"/>
              </lines>
            </method>
            <method name="(anonymous_19)" hits="19" signature="()V">
              <lines>
                <line number="103" hits="19"/>
              </lines>
            </method>
            <method name="(anonymous_21)" hits="3" signature="()V">
              <lines>
                <line number="107" hits="3"/>
              </lines>
            </method>
            <method name="(anonymous_23)" hits="2" signature="()V">
              <lines>
                <line number="123" hits="2"/>
              </lines>
            </method>
            <method name="(anonymous_25)" hits="2" signature="()V">
              <lines>
                <line number="132" hits="2"/>
              </lines>
            </method>
            <method name="(anonymous_27)" hits="2" signature="()V">
              <lines>
                <line number="140" hits="2"/>
              </lines>
            </method>
            <method name="(anonymous_29)" hits="9" signature="()V">
              <lines>
                <line number="148" hits="9"/>
              </lines>
            </method>
            <method name="(anonymous_31)" hits="2" signature="()V">
              <lines>
                <line number="157" hits="2"/>
              </lines>
            </method>
            <method name="(anonymous_33)" hits="5" signature="()V">
              <lines>
                <line number="165" hits="5"/>
              </lines>
            </method>
          </methods>
          <lines>
            <line number="2" hits="1" branch="false"/>
            <line number="5" hits="1" branch="false"/>
            <line number="6" hits="1" branch="false"/>
            <line number="7" hits="1" branch="false"/>
            <line number="8" hits="1" branch="false"/>
            <line number="9" hits="1" branch="false"/>
            <line number="12" hits="1" branch="false"/>
            <line number="13" hits="1" branch="false"/>
            <line number="15" hits="1" branch="false"/>
            <line number="17" hits="1" branch="false"/>
            <line number="20" hits="1" branch="false"/>
            <line number="21" hits="62" branch="false"/>
            <line number="25" hits="62" branch="false"/>
            <line number="26" hits="62" branch="false"/>
            <line number="27" hits="62" branch="false"/>
            <line number="28" hits="62" branch="false"/>
            <line number="29" hits="62" branch="false"/>
            <line number="33" hits="53" branch="false"/>
            <line number="37" hits="2" branch="false"/>
            <line number="38" hits="2" branch="false"/>
            <line number="39" hits="1" branch="false"/>
            <line number="40" hits="1" branch="false"/>
            <line number="43" hits="1" branch="false"/>
            <line number="45" hits="1" branch="false"/>
            <line number="57" hits="1" branch="false"/>
            <line number="62" hits="7" branch="false"/>
            <line number="63" hits="7" branch="false"/>
            <line number="65" hits="1" branch="false"/>
            <line number="70" hits="13" branch="false"/>
            <line number="71" hits="13" branch="false"/>
            <line number="73" hits="1" branch="false"/>
            <line number="78" hits="2" branch="false"/>
            <line number="79" hits="2" branch="false"/>
            <line number="80" hits="1" branch="false"/>
            <line number="81" hits="1" branch="false"/>
            <line number="82" hits="1" branch="false"/>
            <line number="83" hits="1" branch="false"/>
            <line number="87" hits="1" branch="false"/>
            <line number="99" hits="1" branch="false"/>
            <line number="104" hits="19" branch="false"/>
            <line number="108" hits="3" branch="false"/>
            <line number="109" hits="3" branch="false"/>
            <line number="110" hits="3" branch="false"/>
            <line number="112" hits="2" branch="true" condition-coverage="100% (2/2)"/>
            <line number="113" hits="1" branch="false"/>
            <line number="114" hits="1" branch="false"/>
            <line number="117" hits="2" branch="false"/>
            <line number="119" hits="1" branch="false"/>
            <line number="124" hits="2" branch="false"/>
            <line number="125" hits="2" branch="false"/>
            <line number="126" hits="2" branch="false"/>
            <line number="128" hits="1" branch="false"/>
            <line number="133" hits="2" branch="false"/>
            <line number="134" hits="2" branch="false"/>
            <line number="136" hits="1" branch="false"/>
            <line number="141" hits="2" branch="false"/>
            <line number="142" hits="2" branch="false"/>
            <line number="144" hits="1" branch="false"/>
            <line number="149" hits="9" branch="false"/>
            <line number="150" hits="9" branch="false"/>
            <line number="151" hits="8" branch="false"/>
            <line number="153" hits="2" branch="false"/>
            <line number="158" hits="2" branch="false"/>
            <line number="159" hits="2" branch="false"/>
            <line number="161" hits="1" branch="false"/>
            <line number="166" hits="5" branch="true" condition-coverage="100% (4/4)"/>
          </lines>
        </class>
      </classes>
    </package>
    <package name="services.game-manager-service" line-rate="1" branch-rate="1">
      <classes>
        <class name="game-manager.service.ts" filename="app/services/game-manager-service/game-manager.service.ts" line-rate="1" branch-rate="1">
          <methods>
            <method name="(anonymous_9)" hits="36" signature="()V">
              <lines>
                <line number="19" hits="36"/>
              </lines>
            </method>
            <method name="(anonymous_10)" hits="2" signature="()V">
              <lines>
                <line number="26" hits="2"/>
              </lines>
            </method>
            <method name="(anonymous_12)" hits="5" signature="()V">
              <lines>
                <line number="45" hits="5"/>
              </lines>
            </method>
            <method name="(anonymous_13)" hits="10" signature="()V">
              <lines>
                <line number="49" hits="10"/>
              </lines>
            </method>
            <method name="(anonymous_14)" hits="2" signature="()V">
              <lines>
                <line number="65" hits="2"/>
              </lines>
            </method>
            <method name="(anonymous_15)" hits="4" signature="()V">
              <lines>
                <line number="69" hits="4"/>
              </lines>
            </method>
            <method name="(anonymous_16)" hits="2" signature="()V">
              <lines>
                <line number="75" hits="2"/>
              </lines>
            </method>
            <method name="(anonymous_17)" hits="14" signature="()V">
              <lines>
                <line number="88" hits="14"/>
              </lines>
            </method>
            <method name="(anonymous_18)" hits="6" signature="()V">
              <lines>
                <line number="96" hits="6"/>
              </lines>
            </method>
            <method name="(anonymous_19)" hits="4" signature="()V">
              <lines>
                <line number="97" hits="4"/>
              </lines>
            </method>
            <method name="(anonymous_20)" hits="5" signature="()V">
              <lines>
                <line number="104" hits="5"/>
              </lines>
            </method>
            <method name="(anonymous_21)" hits="2" signature="()V">
              <lines>
                <line number="105" hits="2"/>
              </lines>
            </method>
            <method name="(anonymous_22)" hits="3" signature="()V">
              <lines>
                <line number="110" hits="3"/>
              </lines>
            </method>
            <method name="(anonymous_23)" hits="3" signature="()V">
              <lines>
                <line number="114" hits="3"/>
              </lines>
            </method>
            <method name="(anonymous_24)" hits="2" signature="()V">
              <lines>
                <line number="119" hits="2"/>
              </lines>
            </method>
            <method name="(anonymous_25)" hits="2" signature="()V">
              <lines>
                <line number="123" hits="2"/>
              </lines>
            </method>
            <method name="(anonymous_26)" hits="3" signature="()V">
              <lines>
                <line number="127" hits="3"/>
              </lines>
            </method>
            <method name="(anonymous_27)" hits="11" signature="()V">
              <lines>
                <line number="132" hits="11"/>
              </lines>
            </method>
            <method name="(anonymous_28)" hits="3" signature="()V">
              <lines>
                <line number="136" hits="3"/>
              </lines>
            </method>
            <method name="(anonymous_29)" hits="2" signature="()V">
              <lines>
                <line number="140" hits="2"/>
              </lines>
            </method>
            <method name="(anonymous_30)" hits="3" signature="()V">
              <lines>
                <line number="145" hits="3"/>
              </lines>
[...]
                <line number="37" hits="41"/>
              </lines>
            </method>
            <method name="(anonymous_12)" hits="40" signature="()V">
              <lines>
                <line number="41" hits="40"/>
              </lines>
            </method>
            <method name="(anonymous_13)" hits="1" signature="()V">
              <lines>
                <line number="45" hits="1"/>
              </lines>
            </method>
            <method name="(anonymous_14)" hits="1" signature="()V">
              <lines>
                <line number="52" hits="1"/>
              </lines>
            </method>
            <method name="(anonymous_15)" hits="1" signature="()V">
              <lines>
                <line number="52" hits="1"/>
              </lines>
            </method>
            <method name="(anonymous_16)" hits="1" signature="()V">
              <lines>
                <line number="58" hits="1"/>
              </lines>
            </method>
            <method name="(anonymous_17)" hits="1" signature="()V">
              <lines>
                <line number="58" hits="1"/>
              </lines>
            </method>
            <method name="(anonymous_18)" hits="1" signature="()V">
              <lines>
                <line number="62" hits="1"/>
              </lines>
            </method>
            <method name="(anonymous_19)" hits="1" signature="()V">
              <lines>
                <line number="66" hits="1"/>
              </lines>
            </method>
            <method name="(anonymous_20)" hits="3" signature="()V">
              <lines>
                <line number="70" hits="3"/>
              </lines>
            </method>
            <method name="(anonymous_21)" hits="3" signature="()V">
              <lines>
                <line number="86" hits="3"/>
              </lines>
            </method>
            <method name="(anonymous_22)" hits="2" signature="()V">
              <lines>
                <line number="111" hits="2"/>
              </lines>
            </method>
            <method name="(anonymous_23)" hits="3" signature="()V">
              <lines>
                <line number="121" hits="3"/>
              </lines>
            </method>
            <method name="(anonymous_24)" hits="5" signature="()V">
              <lines>
                <line number="147" hits="5"/>
              </lines>
            </method>
            <method name="(anonymous_25)" hits="3" signature="()V">
              <lines>
                <line number="171" hits="3"/>
              </lines>
            </method>
            <method name="(anonymous_26)" hits="1" signature="()V">
              <lines>
                <line number="186" hits="1"/>
              </lines>
            </method>
            <method name="(anonymous_27)" hits="3" signature="()V">
              <lines>
                <line number="190" hits="3"/>
              </lines>
            </method>
            <method name="(anonymous_28)" hits="2" signature="()V">
              <lines>
                <line number="205" hits="2"/>
              </lines>
            </method>
            <method name="(anonymous_29)" hits="9" signature="()V">
              <lines>
                <line number="215" hits="9"/>
              </lines>
            </method>
            <method name="(anonymous_30)" hits="3" signature="()V">
              <lines>
                <line number="274" hits="3"/>
              </lines>
            </method>
            <method name="(anonymous_32)" hits="5" signature="()V">
              <lines>
                <line number="300" hits="5"/>
              </lines>
            </method>
            <method name="(anonymous_34)" hits="1" signature="()V">
              <lines>
                <line number="332" hits="1"/>
              </lines>
            </method>
            <method name="(anonymous_35)" hits="6" signature="()V">
              <lines>
                <line number="336" hits="6"/>
              </lines>
            </method>
            <method name="(anonymous_36)" hits="3" signature="()V">
              <lines>
                <line number="345" hits="3"/>
              </lines>
            </method>
          </methods>
          <lines>
            <line number="3" hits="1" branch="false"/>
            <line number="4" hits="1" branch="false"/>
            <line number="5" hits="1" branch="false"/>
            <line number="6" hits="1" branch="false"/>
            <line number="7" hits="1" branch="false"/>
            <line number="8" hits="1" branch="false"/>
            <line number="9" hits="1" branch="false"/>
            <line number="12" hits="1" branch="false"/>
            <line number="13" hits="1" branch="false"/>
            <line number="14" hits="1" branch="false"/>
            <line number="16" hits="1" branch="false"/>
            <line number="17" hits="1" branch="false"/>
            <line number="18" hits="1" branch="false"/>
            <line number="20" hits="1" branch="false"/>
            <line number="25" hits="1" branch="false"/>
            <line number="26" hits="1" branch="false"/>
            <line number="27" hits="1" branch="false"/>
            <line number="28" hits="1" branch="false"/>
            <line number="29" hits="1" branch="false"/>
            <line number="30" hits="1" branch="false"/>
            <line number="34" hits="1" branch="false"/>
            <line number="38" hits="41" branch="true" condition-coverage="100% (2/2)"/>
            <line number="39" hits="1" branch="false"/>
            <line number="41" hits="40" branch="false"/>
            <line number="43" hits="40" branch="false"/>
            <line number="45" hits="40" branch="false"/>
            <line number="47" hits="1" branch="false"/>
            <line number="50" hits="40" branch="false"/>
            <line number="52" hits="1" branch="false"/>
            <line number="53" hits="1" branch="false"/>
            <line number="56" hits="40" branch="false"/>
            <line number="58" hits="1" branch="false"/>
            <line number="59" hits="1" branch="false"/>
            <line number="62" hits="40" branch="false"/>
            <line number="63" hits="1" branch="false"/>
            <line number="66" hits="40" branch="false"/>
            <line number="67" hits="1" branch="false"/>
            <line number="70" hits="40" branch="false"/>
            <line number="71" hits="3" branch="false"/>
            <line number="72" hits="3" branch="false"/>
            <line number="73" hits="3" branch="true" condition-coverage="100% (3/3)"/>
            <line number="75" hits="1" branch="false"/>
            <line number="76" hits="1" branch="false"/>
            <line number="78" hits="1" branch="false"/>
            <line number="79" hits="1" branch="false"/>
            <line number="81" hits="1" branch="false"/>
            <line number="83" hits="3" branch="false"/>
            <line number="86" hits="40" branch="false"/>
            <line number="87" hits="3" branch="false"/>
            <line number="88" hits="3" branch="true" condition-coverage="100% (4/4)"/>
            <line number="89" hits="1" branch="false"/>
            <line number="90" hits="1" branch="false"/>
            <line number="93" hits="2" branch="false"/>
            <line number="94" hits="2" branch="false"/>
            <line number="99" hits="2" branch="false"/>
            <line number="100" hits="2" branch="false"/>
            <line number="101" hits="2" branch="false"/>
            <line number="102" hits="2" branch="true" condition-coverage="100% (2/2)"/>
            <line number="103" hits="1" branch="false"/>
            <line number="106" hits="2" branch="false"/>
            <line number="107" hits="2" branch="false"/>
            <line number="108" hits="2" branch="false"/>
            <line number="111" hits="40" branch="false"/>
            <line number="112" hits="2" branch="false"/>
            <line number="113" hits="2" branch="true" condition-coverage="100% (2/2)"/>
            <line number="114" hits="1" branch="false"/>
            <line number="115" hits="1" branch="false"/>
            <line number="118" hits="2" branch="false"/>
            <line number="121" hits="40" branch="false"/>
            <line number="122" hits="3" branch="false"/>
            <line number="123" hits="3" branch="false"/>
            <line number="124" hits="3" branch="false"/>
            <line number="125" hits="3" branch="true" condition-coverage="100% (2/2)"/>
            <line number="126" hits="1" branch="false"/>
            <line number="128" hits="2" branch="false"/>
            <line number="130" hits="2" branch="true" condition-coverage="100% (2/2)"/>
            <line number="131" hits="1" branch="false"/>
            <line number="142" hits="1" branch="false"/>
            <line number="147" hits="40" branch="false"/>
            <line number="148" hits="5" branch="true" condition-coverage="100% (2/2)"/>
            <line number="149" hits="1" branch="false"/>
            <line number="150" hits="1" branch="false"/>
            <line number="152" hits="4" branch="true" condition-coverage="100% (4/4)"/>
            <line number="153" hits="2" branch="false"/>
            <line number="154" hits="2" branch="false"/>
            <line number="160" hits="2" branch="true" condition-coverage="100% (2/2)"/>
            <line number="161" hits="1" branch="false"/>
            <line number="162" hits="1" branch="false"/>
            <line number="164" hits="2" branch="true" condition-coverage="100% (2/2)"/>
            <line number="165" hits="2" branch="true" condition-coverage="100% (2/2)"/>
            <line number="166" hits="1" branch="false"/>
            <line number="167" hits="1" branch="false"/>
            <line number="171" hits="40" branch="false"/>
            <line number="172" hits="3" branch="true" condition-coverage="100% (2/2)"/>
            <line number="173" hits="2" branch="false"/>
            <line number="174" hits="2" branch="true" condition-coverage="100% (2/2)"/>
            <line number="175" hits="1" branch="false"/>
            <line number="176" hits="1" branch="false"/>
            <line number="179" hits="2" branch="false"/>
            <line number="180" hits="2" branch="false"/>
            <line number="183" hits="1" branch="false"/>
            <line number="186" hits="40" branch="false"/>
            <line number="187" hits="1" branch="false"/>
            <line number="190" hits="40" branch="false"/>
            <line number="191" hits="3" branch="false"/>
            <line number="192" hits="3" branch="false"/>
            <line number="193" hits="3" branch="true" condition-coverage="100% (2/2)"/>
            <line number="194" hits="2" branch="false"/>
            <line number="195" hits="2" branch="false"/>
            <line number="196" hits="2" branch="false"/>
            <line number="197" hits="2" branch="true" condition-coverage="100% (2/2)"/>
            <line number="198" hits="1" branch="false"/>
            <line number="199" hits="1" branch="false"/>
            <line number="205" hits="40" branch="false"/>
            <line number="206" hits="2" branch="false"/>
            <line number="207" hits="2" branch="false"/>
            <line number="208" hits="2" branch="false"/>
            <line number="209" hits="2" branch="false"/>
            <line number="210" hits="2" branch="false"/>
            <line number="211" hits="2" branch="false"/>
            <line number="215" hits="40" branch="false"/>
            <line number="216" hits="9" branch="true" condition-coverage="100% (2/2)"/>
            <line number="217" hits="1" branch="false"/>
            <line number="218" hits="1" branch="false"/>
            <line number="220" hits="8" branch="false"/>
            <line number="221" hits="8" branch="true" condition-coverage="100% (2/2)"/>
            <line number="222" hits="1" branch="false"/>
            <line number="223" hits="1" branch="false"/>
            <line number="232" hits="1" branch="false"/>
            <line number="234" hits="7" branch="false"/>
            <line number="243" hits="7" branch="false"/>
            <line number="244" hits="7" branch="false"/>
            <line number="246" hits="7" branch="true" condition-coverage="100% (2/2)"/>
            <line number="247" hits="1" branch="false"/>
            <line number="250" hits="7" branch="true" condition-coverage="100% (2/2)"/>
            <line number="251" hits="6" branch="false"/>
            <line number="252" hits="6" branch="false"/>
            <line number="254" hits="6" branch="true" condition-coverage="100% (2/2)"/>
            <line number="255" hits="2" branch="false"/>
            <line number="266" hits="2" branch="false"/>
            <line number="275" hits="3" branch="false"/>
            <line number="276" hits="2" branch="false"/>
            <line number="277" hits="2" branch="false"/>
            <line number="278" hits="2" branch="false"/>
            <line number="279" hits="2" branch="false"/>
            <line number="281" hits="2" branch="true" condition-coverage="100% (2/2)"/>
            <line number="282" hits="1" branch="false"/>
            <line number="293" hits="1" branch="false"/>
            <line number="294" hits="1" branch="false"/>
            <line number="296" hits="1" branch="false"/>
            <line number="301" hits="5" branch="false"/>
            <line number="302" hits="5" branch="false"/>
            <line number="303" hits="5" branch="true" condition-coverage="100% (2/2)"/>
            <line number="304" hits="4" branch="true" condition-coverage="100% (2/2)"/>
            <line number="305" hits="1" branch="false"/>
            <line number="306" hits="1" branch="false"/>
            <line number="309" hits="3" branch="true" condition-coverage="100% (2/2)"/>
            <line number="310" hits="2" branch="false"/>
            <line number="312" hits="2" branch="true" condition-coverage="100% (2/2)"/>
            <line number="313" hits="1" branch="false"/>
            <line number="318" hits="1" branch="false"/>
            <line number="319" hits="1" branch="false"/>
            <line number="320" hits="1" branch="false"/>
            <line number="321" hits="1" branch="false"/>
            <line number="324" hits="1" branch="false"/>
            <line number="325" hits="1" branch="false"/>
            <line number="326" hits="1" branch="false"/>
            <line number="327" hits="1" branch="false"/>
            <line number="328" hits="1" branch="false"/>
            <line number="333" hits="1" branch="false"/>
            <line number="337" hits="6" branch="false"/>
            <line number="338" hits="6" branch="false"/>
            <line number="339" hits="6" branch="false"/>
            <line number="340" hits="6" branch="false"/>
            <line number="342" hits="6" branch="true" condition-coverage="100% (2/2)"/>
            <line number="343" hits="3" branch="false"/>
            <line number="346" hits="3" branch="false"/>
            <line number="348" hits="3" branch="true" condition-coverage="100% (2/2)"/>
            <line number="349" hits="2" branch="false"/>
            <line number="353" hits="3" branch="true" condition-coverage="100% (2/2)"/>
            <line number="354" hits="1" branch="false"/>
            <line number="355" hits="1" branch="false"/>
            <line number="364" hits="1" branch="false"/>
            <line number="367" hits="2" branch="false"/>
            <line number="368" hits="2" branch="false"/>
            <line number="371" hits="3" branch="false"/>
            <line number="373" hits="3" branch="true" condition-coverage="100% (2/2)"/>
            <line number="374" hits="2" branch="false"/>
            <line number="377" hits="3" branch="false"/>
            <line number="378" hits="3" branch="false"/>
          </lines>
        </class>
      </classes>
    </package>
    <package name="services.timer-service" line-rate="1" branch-rate="1">
      <classes>
        <class name="timer.service.ts" filename="app/services/timer-service/timer.service.ts" line-rate="1" branch-rate="1">
          <methods>
            <method name="(anonymous_9)" hits="13" signature="()V">
              <lines>
                <line number="13" hits="13"/>
              </lines>
            </method>
            <method name="(anonymous_10)" hits="3" signature="()V">
              <lines>
                <line number="18" hits="3"/>
              </lines>
            </method>
            <method name="(anonymous_11)" hits="2" signature="()V">
              <lines>
                <line number="22" hits="2"/>
              </lines>
            </method>
            <method name="(anonymous_13)" hits="4" signature="()V">
              <lines>
                <line number="26" hits="4"/>
              </lines>
            </method>
            <method name="(anonymous_14)" hits="9" signature="()V">
              <lines>
                <line number="31" hits="9"/>
              </lines>
            </method>
            <method name="(anonymous_15)" hits="7" signature="()V">
              <lines>
                <line number="37" hits="7"/>
              </lines>
            </method>
            <method name="(anonymous_16)" hits="7" signature="()V">
              <lines>
                <line number="58" hits="7"/>
              </lines>
            </method>
          </methods>
          <lines>
            <line number="2" hits="1" branch="false"/>
            <line number="3" hits="1" branch="false"/>
            <line number="4" hits="1" branch="false"/>
            <line number="6" hits="1" branch="false"/>
            <line number="9" hits="1" branch="false"/>
            <line number="13" hits="13" branch="false"/>
            <line number="14" hits="13" branch="false"/>
            <line number="15" hits="13" branch="false"/>
            <line number="19" hits="3" branch="false"/>
            <line number="23" hits="2" branch="false"/>
            <line number="27" hits="4" branch="false"/>
            <line number="28" hits="4" branch="false"/>
            <line number="32" hits="9" branch="false"/>
            <line number="33" hits="9" branch="false"/>
            <line number="34" hits="9" branch="true" condition-coverage="100% (4/4)"/>
            <line number="38" hits="7" branch="false"/>
            <line number="39" hits="7" branch="false"/>
            <line number="40" hits="7" branch="false"/>
            <line number="41" hits="7" branch="true" condition-coverage="100% (4/4)"/>
            <line number="42" hits="3" branch="false"/>
            <line number="45" hits="4" branch="false"/>
            <line number="50" hits="4" branch="true" condition-coverage="100% (2/2)"/>
            <line number="51" hits="1" branch="false"/>
            <line number="52" hits="1" branch="false"/>
            <line number="53" hits="1" branch="false"/>
            <line number="55" hits="4" branch="true" condition-coverage="100% (2/2)"/>
            <line number="59" hits="7" branch="false"/>
            <line number="60" hits="7" branch="false"/>
            <line number="61" hits="7" branch="false"/>
            <line number="62" hits="7" branch="true" condition-coverage="100% (4/4)"/>
            <line number="63" hits="4" branch="false"/>
            <line number="65" hits="3" branch="true" condition-coverage="100% (2/2)"/>
            <line number="67" hits="1" branch="false"/>
            <line number="69" hits="2" branch="false"/>
            <line number="70" hits="2" branch="true" condition-coverage="100% (2/2)"/>
            <line number="71" hits="1" branch="false"/>
            <line number="73" hits="2" branch="false"/>
          </lines>
        </class>
      </classes>
    </package>
  </packages>
</coverage>
